TN:
SF:src\ConnectionHdb.ts
FN:9,(anonymous_7)
FN:13,(anonymous_8)
FN:18,(anonymous_10)
FN:19,(anonymous_11)
FN:23,(anonymous_12)
FN:32,(anonymous_13)
FN:36,(anonymous_15)
FN:38,(anonymous_17)
FN:39,(anonymous_18)
FN:55,(anonymous_19)
FN:62,(anonymous_21)
FN:66,(anonymous_23)
FN:68,(anonymous_25)
FN:69,(anonymous_26)
FN:78,(anonymous_27)
FN:80,(anonymous_29)
FN:81,(anonymous_30)
FNF:17
FNH:17
FNDA:6,(anonymous_7)
FNDA:10,(anonymous_8)
FNDA:6,(anonymous_10)
FNDA:1,(anonymous_11)
FNDA:6,(anonymous_12)
FNDA:5,(anonymous_13)
FNDA:8,(anonymous_15)
FNDA:7,(anonymous_17)
FNDA:7,(anonymous_18)
FNDA:2,(anonymous_19)
FNDA:2,(anonymous_21)
FNDA:1,(anonymous_23)
FNDA:1,(anonymous_25)
FNDA:1,(anonymous_26)
FNDA:1,(anonymous_27)
FNDA:1,(anonymous_29)
FNDA:1,(anonymous_30)
DA:1,1
DA:3,1
DA:5,1
DA:10,6
DA:14,10
DA:15,4
DA:17,6
DA:18,6
DA:19,6
DA:20,1
DA:21,1
DA:23,6
DA:24,6
DA:25,1
DA:26,1
DA:28,5
DA:33,5
DA:34,5
DA:37,8
DA:38,7
DA:39,7
DA:40,7
DA:41,1
DA:42,1
DA:44,6
DA:45,6
DA:46,1
DA:48,6
DA:49,1
DA:51,6
DA:56,2
DA:57,2
DA:58,1
DA:60,1
DA:63,2
DA:64,2
DA:67,1
DA:68,1
DA:69,1
DA:70,1
DA:71,0
DA:72,0
DA:74,1
DA:79,1
DA:80,1
DA:81,1
DA:82,1
DA:83,0
DA:84,0
DA:86,1
LF:50
LH:46
BRDA:14,0,0,4
BRDA:14,0,1,6
BRDA:24,1,0,1
BRDA:24,1,1,5
BRDA:40,2,0,1
BRDA:40,2,1,6
BRDA:45,3,0,1
BRDA:45,3,1,5
BRDA:48,4,0,1
BRDA:48,4,1,5
BRDA:57,5,0,1
BRDA:57,5,1,1
BRDA:70,6,0,0
BRDA:70,6,1,1
BRDA:82,7,0,0
BRDA:82,7,1,1
BRF:16
BRH:14
end_of_record
